<?xml version="1.0" encoding="UTF-8"?>
<!-- Generated by org.testng.reporters.JUnitReportReporter -->
<testsuite skipped="0" hostname="ASHCHOUD-LAP" name="runner.TestRunner" tests="1" failures="0" timestamp="02 Jan 2018 10:27:03 GMT" time="66.851" errors="0">
  <testcase name="feature" time="66.851" classname="runner.TestRunner"/>
</testsuite> <!-- runner.TestRunner -->
