<?xml version="1.0" encoding="UTF-8"?>
<!-- Generated by org.testng.reporters.JUnitReportReporter -->
<testsuite skipped="1" hostname="ASHCHOUD-LAP" name="runner.FailedTest_Runner" tests="1" failures="0" timestamp="12 Feb 2018 08:40:20 GMT" time="0.000" errors="0">
  <testcase name="feature" time="0.000" classname="runner.FailedTest_Runner">
    <skipped/>
  </testcase> <!-- feature -->
</testsuite> <!-- runner.FailedTest_Runner -->
